d1w87b2
d2bgjd2
d4eu2f_
d3sdis_
d3hxac_
d3cagd_
d2e89d2
d2e21d2
d1sj7b1
d1sj8a1
d1v7zf_
d1j2ta_
d2gpia1
d1tj1a1
d1k87a3
d3qz9d_
d1wpna_
d1k23d_
d1eqja2
d4n7ta1
d2h50h1
d2h50s1
d1vr4c_
d1z67a1
d1f89b_
d1j31c_
d1c30g1
d1m6ve1
d2avuc_
d4es4h_
d2giza1
d3mz8a1
d2o5ha1
d2o5hb_
d1p94a_
d4nuua1
d4nuvb_
d1u84a_
d2qb9g1
d2uuag1
d4xkba2
d4xkca2
d2o9xa1
d2yjma1
d1el6b_
d1el6c_
d2vhpp1
d2gybp1
d2es9a1
d2jn8a1
d1gruq_
d1grus_
d3ag2p_
d3wg7p_
d2b5uc1
d4udmb_
d1zsoa1
d1zsob2
d1anva3
d2wb0x3
d1d2ta_
d1iw8d_
d4jcma4
d3o6ja_
d3lmvf_
d3kobc_
d3eq9a2
d1einb_
d1vfra_
d1ylua_
d1g59c1
d4gria2
d1b79c_
d1b79d_
d2r91c_
d3u9ia2
d4z50c_
d1hpsb_
d1mp1a1
d2ffga1
d2ffgb2
d2a8kd_
d3ao9a_
d4gpzb_
d1yjxj_
d2qfib2
d3h90d1
d1fqvi2
d1xwdc1
d2f05a_
d1e91a_
d4ixna2
d4ixmb2
d1avea_
d2izba_
d1c1ka_
d4lk8b_
d1sgoa_
d2a7ub1
d2oeba1
d4j5za_
d3ev1b_
d1txua_
d2ot3a_
d2au5a1
d1ykhb1
d1ykha_
d1kxgb_
d4j6gb_
d2a90a2
d1ujra1
d2ahme1
d2ahmh1
d3wapa_
d4o1nc2
d3e7nk1
d3p13c_
d2yeia_
d1l0ob_
d1jw3a_
d1j5ua1
d1ocrr_
d5d2mc_
d1tlja_
d1tljb_
d3mknc_
d4wr2a_
d1pqxa1
d2ffma_
d1i10a2
d1gt2a4
d2x4ib_
d2x4id_
d2dhha4
d1oy6a5
d1s98a_
d1x0ga_
d1n81a_
d3u1gb4
d4mw7a2
d4ghlc_
d3ks4b_
d1a0hd1
d1hlra7
d2hgjp1
d1js8a2
d1js8b2
d1lmb4_
d2ia7a1
d1u2ma1
d1u2mb_
d3tehb3
d2iy5b4
d2c8nb1
d3igua2
d3ex7e_
d2j0qf1
d4q3ya_
d1mlwa_
d4rukb_
d1o94f_
d1uzja3
d1aepa_
d1eq1a_
d2ehoh2
d3bzfa2
d1h15b2
d1dl5a2
d1dl5b2
d1eakd1
d1ck7a6
d2dpfc_
d3r0ea_
d3knua1
d3aiaa1
d3w37a4
d2f2hd1
d1qtxa_
d1qs7c_
d1o98a1
d1eqja1
d1xebd_
d2x7ba_
d4lrzb1
d4lrzd1
d1eiyb1
d4ua2g_
d2zjqe2
d1yije2
d1x6xx2
d2gr7c_
d1f6va1
d1miua1
d1iyjd1
d2vhub_
d3uieb_
d3brja1
d3c8ga1
d2hq7a1
d2ecua_
d1pcqg3
d1kpox3
d1gpja1
d1pjja1
d3jr5a2
d1gg4b1
d4cvka3
d1jbia_
d2fm8a1
d2p9kd2
d1em8a_
d3sxua_
d1u5ka2
d1w3sb2
d1wf4m1
d1we3d1
d1oedd_
d1oedb_
d2a69k2
d2ja6c2
d2qyfa_
d2v64c2
d1vf7c_
d1t5ek_
d2cm0a1
d2hpja_
d2i2tk1
d1k8al_
d3dp3d_
d2glvi_
d1av1b_
d1av1c_
d1rzrg2
d3e61a1
d1m3sa1
d2xbla_
d2ca1b_
d2cjre_
d1twhf_
d2e2if1
d2pu9a_
d2puke2
d2g50h3
d1akma1
d4h31c1
d1bouc_
d1b4uc_
d2dsha_
d2pcga_
d2hiya1
d2hiyd2
d2ivzb1
d1n6ei2
d3mksb1
d2ovpb1
d1p9yb_
d2mlxa1
d1vaja1
d1wsca1
d2r8fa2
d2gu0a1
d1seda_
d1sedc_
d1njiy_
d1qvfw_
d1nyna_
d1t95a2
d2hgpf1
d2b9oc1
d3cdda2
d2z6bd1
d1mk7d1
d3wa0d2
d1iyra_
d1iyba1
d3tbja_
d3qn2a_
d1rz9c_
d2orra_
d1dd7a_
d1sv1a1
d1suyb1
d3oe7h1
d1e79h2
d3nuhb2
d3lvkb_
d1nfhb_
d1ljpa_
d2c0ea1
d1m2oa1
d1o5fl_
d1mwpa_
d1zkui1
d1zkur1
d1u7kc_
d2pwmd_
d4zb6a2
d2c3ta2
d1sr9a3
d1sr9b3
d4jp7a_
d4kodk1
d1s71b1
d1ze1c2
d1lsha2
d1lshb_
d2bccf_
d3l72f_
d2phna_
d2g9ia1
d1n32c2
d2b9mc2
d1vdeb1
d1i3sc_
d2funa_
d2czje1
d1j1ha_
d3bh3b_
d3bh2a_
d4ceyb_
d4x0ya_
d1q8da_
d3zjxb1
d3zixc1
d2pk8a_
d2hsxa_
d2gdta1
d1n91a1
d1yh5a2
d2eata4
d3b8ea1
d1w63w_
d3b48d2
d4tkzb_
d1zqya2
d1ylqa1
d1x8ma1
d3lzza_
d1dj8a_
d1dj8c_
d2do8a1
d2muia_
d1cdec_
d1rc1b_
d1sg7a1
d1iiea_
d1iiec_
d1i7fa_
d3m7mx_
d2j09a2
d4u8hc1
d2gc7n_
d2agxd_
d1n32d_
d1h3fb2
d4fa8f1
d4zf7a_
d2dn4a1
d2d99a1
d3duke1
d1ydua1
d1o70a2
d1nyoa_
d2bz0a1
d4rl4a1
d1au2a_
d3bwkd_
d1zt2b1
d1zt2d1
d2b3wa1
d2fmme1
d1uz3b_
d2v7vb2
d2c4ud2
d1mi1a1
d1mi1b1
d2dv9d_
d2fbec2
d1ig0a2
d3s4yb1
d2ubpa_
d1krca_
d2ahoa2
d1v5vb1
d1sp0a_
d1so9a_
d2gkpa1
d4zqub_
d2i15a1
d2i15c_
d1pu5b1
d1puba_
d2fv4a1
d1hiwb_
d1jvra_
d4h0rb_
d4xsec_
d2qber1
d4x32a_
d2vt4d_
d1q5za_
d1p4qb_
d1r8ub_
d2jg3d2
d1yf2b1
d1qu2a2
d1ilea2
d3p0wa1
d4gird1
d2mbra2
d1mbta2
d3al7a_
d3e0aa_
d1coua_
d1zbxb1
d1z1aa1
d3mw6b_
d3mw6e1
d4usaa2
d1h2db_
d4ldma_
d4heia_
d4fyla1
d1qn3b2
d3d4vd2
d1mfza1
d5e4ra2
d3ugqa2
d1vp2a_
d1ro2a_
d2atza1
d2bnpc2
d3wmmh2
d1o75a3
d1o75b3
d4mbef_
d3m99c_
d1ez3c_
d4rd9a_
d2nlvb_
d2nvmb_
d2di4b_
d2ceae1
d4al3a_
d4je6b1
d4u5wa_
d3rbbc_
d1wpln_
d1wplo_
d2ebhx1
d2ec5a1
d1pv5a_
d4rkud_
d4xk8d_
d2oy9a1
d2oy9b_
d1je1e_
d1z8wa_
d2hpua1
d3f0pa2
d1f04a_
d1do9a_
d2v92e2
d3k6ea1
d4qeua_
d2cj8a_
d3mnng_
d2nzdf_
d2hg4a4
d2hg4c4
d1ov2a_
d2fyla1
d1ca9d1
d1qscb1
d1uaga1
d1e0da1
d3oeii_
d1td6a_
d1pugc_
d1pugd_
d2gl0d_
d2gl0e_
d2o70b_
d2o74f_
d1egmm_
d1r0vc3
d1nppc1
d1m1ga1
d1vyia_
d2wzla_
d1c17m_
d1qjsb2
d4g0dd2
d2pv4a1
d1tsfa_
d1v76b_
d1m1la_
d1m1ld_
d2q7rd1
d2uuha1
d2okwd_
d2pxwb_
d1u2ca2
d4wiqa2
d1jj2v_
d1v8pa_
d1ut5a2
d1pprm1
d1ppro2
d1wx4a1
d4hd7b_
d1szha1
d1szhb_
d1qync_
d1fx3c_
d2iexc_
d1x0ub1
d1ro7b_
d2p56a_
d1bcma1
d1bcmb1
d1bvp51
d1uf2e1
d2cbxa1
d2c2wb1
d2qj2a1
d3hn4a1
d1ss6a1
d1vaza_
d2fvid_
d1vg2a_
d2jova1
d1kafa_
d1kafe_
d2q4db_
d1t35f_
d2qjbb_
d1hcfa_
d2iaza1
d2oeqc_
d4i6jc2
d1fc5a2
d4pd0a1
d1e8od_
d2fo7a1
d1na0b_
d1r1sa_
d2dlya1
d2g7za1
d2g7zb1
d3ddga1
d3bwud_
d4b0ma_
d2hq4a1
d2hq4b2
d3cfjd2
d2wn1a_
d2nygd2
d3kzlb1
d1wd7a1
d1wcxa1
d1adva1
d1advb1
d3mg1a1
d3i1xa1
d1ryla_
d1rylb_
d2joda1
d1fjma_
d2dxla1
d2h1ta1
d2h1tb_
d1g2ra_
d1zela2
d1zelb2
d1k49a_
d1tkua_
d1tm9a_
d4f01b1
d4r5jb1
d4w64c_
d4tv4a_
d1r5id1
d1r5ih1
d3cd6s1
d2hgjw1
d3rtba1
d3rrea1
d4j4fd_
d4j4ed_
d2q22b_
d2q22c_
d1a6jb_
d1a3ad_
d1tmia_
d2iiia_
d2fcja1
d2fcjb_
d1vozf_
d3ccrn1
d3gjwa1
d4gv2a1
d2dbsa1
d2dbsb_
d1rf8b1
d1jsca1
d2jiba1
d1l1da_
d2qfdc_
d1wvka1
d1dylc_
d1ld4b_
d2bpmd2
d4i3zb1
d1gt7h_
d2v2aa_
d2cmec_
d2cmee1
d2vv5d3
d2vv5f3
d2pw4a_
d3h0na_
d2hnvb_
d2lbna_
d2nuea1
d2nueb1
d4fevf_
d3zepa_
d1j2na_
d1k5oa_
d1pc6a_
d1pc6b_
d1p1ea_
d4nnla_
d1rgxc_
d1rh7e_
d1kqso_
d3ccrp1
d2e9xe_
d2ehoa1
d1k0ra4
d1k0rb4
d1dkha_
d4jetb_
d2qaol1
d4rxya_
d3lasb_
d1n0eg1
d1i3ja_
d1t2ta_
d1ap8a_
d1ztpc_
d1tztb_
d3d3ca_
d2eb6a_
d2eb5c_
d2z15c2
d2z15d2
d2qp0s1
d1n33s_
d2a6ta1
d2qkmh1
d1qu1c_
d4jugj_
d1gtha4
d1lqtb2
d2fm9a1
d2fm8c1
d4cvka1
d1ko7a1
d1hf2a2
d1hf2b2
d2ffna_
d2bpna_
d1p32c_
d1yqff_
d1q74b_
d1q7tb_
d1zlza1
d3uaoa_
d3irva_
d1u9zc1
d2hcrb2
d4rndb_
d2d00c2
d1lqja1
d1oe6b_
d1yfnc_
d2qazc_
d2drca_
d1dhfa_
d1s12b_
d1s12c_
d1qz8b_
d1uw7a1
d1cmib_
d1f3ca_
d2zgwa2
d4ttvd1
d1al02_
d1cd33_
d4l2la1
d4nz8a1
d1v30a1
d3juca_
d1t8da_
d1rtm31
d3o2ob_
d2idob_
d2ae9a_
d2ce6a1
d2cgya_
d2dsyd_
d1obaa1
d2bmla_
d1m74a2
d3dina2
d2cr9a1
d2gmvb2
d1os1a2
d2oarc1
d2oard1
d3unxa_
d3i2yx_
d3k9oa1
d1ylaa2
d1zata1
d4a52a2
d2wbsa_
d2hc5a1
d3puwf2
d3tuib_
d2khla_
d1t23a_
d3otab1
d3h88j1
d1ea3b_
d5cqea1
d2wqka_
d4zg5d_
d3bnca2
d1w52x2
d3i0ta1
d3i0tb1
d3bzta1
d5culb_
d4ee6b_
d4ee7b_
d1vjlb1
d1o5yb1
d1j0ta_
d1iqoa_
d1iqsa_
d2fe0a1
d1r75a_
d1k46a_
d1m0va1
d1ojna2
d1x1ha2
d1wn9a1
d1wnaa_
d5sici_
d4hx3h1
d1jz2a3
d3lpfa1
d1hbxb_
d2clya1
d1dt9a3
d4af1a1
d2rl7d_
d1sz0b1
d1fk0a_
d4xuwb_
d4rwqb2
d4k8vd2
d1pgub2
d3uvka_
d1yvwa1
d3c90a_
d2z7eb_
d2qq4g_
d2csda1
d2csdb1
d1qiuc2
d1r9th_
d4h6ca_
d4h6aa1
d1gpqb_
d1xs0a1
d2np6a1
d2h85a1
d3l71c2
d2d2cb1
d2fefa2
d2fefc2
d1j6ra1
d1j6rb1
d2m1za_
d3lukc_
d2hgqk1
d2b9ni1
d1r7la1
d1r7lb1
d1a1za_
d3qf2a_
d1ny9a_
d1cl3a_
d3wtyb_
d2o9ad2
d2vv7d_
d1ja0a2
d3f6ra_
d4yhra1
d1ul1c1
d3lmna_
d3lmnb_
d1ej5a_
d1t84a_
d3fzbe_
d2gjvb2
d2nxpb_
d2nxpf_
d1twja_
d1t3ta3
d1ghha_
d1ejka_
d1sdia1
d1qz4a1
d2b2ma1
d2exna1
d1wlga_
d1wlgb_
d3ss6b2
d4c6xb2
d2ayda_
d4f5db_
d5cfqb_
d1tueg_
d2jeua_
d1tg7a1
d3ogra3
d1m8la_
d1esxa_
d2cevd_
d2a0ma1
d2h3rc2
d2h3rd_
d1t62a1
d1xnea_
d4ywpa_
d4kp5a_
d1aola_
d1lcsb_
d1ocub_
d2etta1
d3fxja1
d2jfra_
d2guka1
d2gukb_
d4akma_
d4akmb_
d2fuga2
d3iama1
d2g9te_
d2g9tl_
d1v54h_
d3abmu_
d2h2jb1
d1p0yc1
d2b5la3
d2b5lb3
d1p5dx3
d2fkmx2
d1o5ha_
d1o5hb_
d2tdta_
d3kwcc_
d4arxd2
d2bmza_
d2xtua_
d4njna_
d4rcpa2
d2ojsa4
d2hwjd_
d2riiy_
d2hvkc_
d4lbec_
d4liyb_
d3l88j_
d1ewfa2
d1usvd_
d2l2ba_
d2ks3a_
d4egqb2
d2vpqa2
d2e50a1
d2e50p_
d1llza1
d3hbvp1
d4ahua_
d1qtma1
d1c4ka3
d1ordb3
d2i5yp2
d2ny7g_
d2jeka1
d2d2ya_
d2c66b2
d1vg9g2
d1hwka2
d4i56b1
d2fa1b2
d3bwgc2
d3m5rf_
d3p31a_
d4ki3f_
d3mh8a_
d1pjja2
d1ee8b2
d1oqjb_
d1h5pa_
d1wuqa_
d4ntnd_
d2nmmc_
d2o8rb2
d3htnc_
d2dt4a_
d3n22a_
d3tuyf_
d4nzbj_
d3wipj_
d1dwlb_
d1e08e_
d1t2pb_
d1qxaa_
d1ul5a_
d2ffhc2
d1qb2a_
d1aztb1
d1as2a1
d2c3ea_
d4c9ga_
d1pd5d_
d1pd5k_
d2psba1
d1ja9a_
d1scud1
d1tkab3
d2pdaa3
d1ko6.1
d1ko6.2
d2i1sa1
d2i1sb_
d2oufa_
d3mlic1
d1jm7a_
d2qovf1
d1q86f_
d1slqa_
d1slqd_
d2eyqa6
d2eyqb6
d2b5uc2
d1jcha2
d1ocya_
d1h6w.2
d1ugra_
d2cz0a1
d2cxfa1
d2cxla1
d3m2ve2
d3sqga2
d4phoc_
d2pmsc1
d1fwac1
d1nfgb1
d2g6ta1
d1f32a_
d1f34b_
d1vcbb_
d4uijd_
d1mw5a1
d1mw5b1
d2gp7c_
d1yjea_
d2pkgc1
d2pkgd1
d2p12a1
d2p12b2
d4aqpa1
d4j2lb_
d4pc3c2
d1efud4
d1n0qa_
d1n0ra_
d2jpqb2
d1tkva_
d1tl6a_
d1mk0a_
d1ln0b_
d3bt1u1
d2woeb_
d2wodb_
d1qw2a1
d1tu1a1
d1tu1b1
d3da7d_
d2qa4y1
d3k6mc2
d3oxof2
d1xb1d_
d4hy0d_
d1o22a_
d2q0zx1
d2p6ra2
d1v15c_
d3gklb_
d4aiad1
d4ai4a_
d2pyqa1
d2pyqc2
d1zd0a1
d4niye_
d4niyg_
d2hg6a1
d5ccpa_
d3zcga_
d1pvra2
d1q3ue2
d2vs5a_
d3v91a_
d3zlma_
d3sn9i_
d1nrzc_
d3eyea_
d2qbgq1
d1s7ma_
d1s7md_
d1zopb_
d1yvpb2
d1qb3a_
d1wwqa1
d1wz7c_
d3rt3c_
d1o6ab_
d1b25b2
d1b4nb2
d2v6ak_
d2v69j_
d2apla1
d1n13.3
d1n13.6
d1uypc2
d2b4wa1
d3zowi_
d2c1va1
d3c5na_
d3c5nb_
d1zata2
d2hklc1
d2icga1
d2prvb2
d3aevb2
d2ngrb_
d3iugb_
d3cjcg1
d1v6fa1
d2i13a1
d1g2df_
d1wdzb2
d2efla1
d2frpb1
d2fteb1
d3btoa1
d1bxzd1
d2nvna1
d2gidh1
d1mvwo_
d1o1gk_
d1u07a_
d2z8ga1
d3wwgb1
d1oanb2
d1urza2
d1ik9b1
d1fu1b1
d1l5gb3
d1jv2b3
d1o26c_
d4gtcc1
d2b5lc_
d2hyeb_
d4d2ee_
d5d56b_
d2ooyd_
d2qr1d_
d1z21a1
d1xl3a1
d2mzya_
d1ocrb1
d3paua2
d2j4ga1
d2cwya1
d1r0db_
d1r0di_
d1xo7c_
d2mc9a1
d4acad2
d2qbed1
d1lkta_
d1lktd_
d4ao5a_
d1xqha2
d4gefa_
d1t3ua_
d1w2ea_
d1sq3d_
d2vxxc_
d3n1fa_
d4c4na_
d1auaa1
d1f5na1
d1dg3a1
d3aumo_
d4e47a1
d3w9td3
d3w9tg3
d3cxhl1
d1hr6h2
d4in5l_
d1s00r_
d1ry1b_
d1ry1w_
d2jaaa1
d2cmqa_
d1pu1a_
d1ztsa1
d1xn8a_
d2aegb_
d2icua_
d1jy1a2
d3sq5c1
d2fhza1
d2dfxi1
d2ogba_
d2ogbb2
d1yoza1
d1yozb2
d1x9za_
d1x9zb_
d2bd1a_
d1pobb_
d1m35c2
d2gu7a_
d2grka1
d2fina_
d2elca2
d3h5qa2
d1sora_
d2f2ba_
d2gqba1
d1af7a1
d1bc5a1
d1rlka_
d2zv3h_
d1dxxb2
d3hora1
d2fb5b2
d2fb5c2
d1sn6a2
d1qdma1
d1xlya_
d1xlyb_
d4h5lc_
d4h5lf_
d1lnzb1
d1udxa1
d2aj7a1
d2aj7b2
d1qb0a_
d1ys0a_
d2gp4b2
d1exja2
d3d6ya2
d2ia9b2
d2ia9c2
d5e0ia1
d5e0if1
d2kkwa_
d2bcja1
d1fqje_
d2a6ua1
d4ow1u_
d2in5a1
d2in5b_
d1vkmd1
d1vkme1
d1j3ea1
d3sk7a1
d1utya_
d1utyb_
d1seia_
d2vqeh1
d3ecjd1
d3bzab2
d2dxaa_
d3rijd_
d3dnfa_
d3dnfb_
d1kn7a_
d1f35a_
d1jyta_
d4ziaa1
d4ziae1
d1v4pb_
d1wxoa_
d2h7aa1
d1ekya_
d1xs9a_
d2i5ib_
d1pb0b_
d1g5ga1
d1g5gc1
d1dvka_
d1dvkb_
d1rwtb_
d4y283_
d1udxa3
d1ijyb_
d5bqcb_
d1v9le2
d1npdb2
d1enja_
d1enka_
d2jxta1
d2c6pa1
d1cx8f1
d2bhta1
d2jc3d_
d1f4ra_
d3qi5b1
d1k97a2
d1korc2
d1yx2a1
d1vlya2
d2zbea2
d3l8ea_
d2jola1
d1gzsd_
d1f3ua_
d1f3ue_
d1x0ha1
d4ezab_
d2ed6b_
d2ed6h_
d3hipc_
d2z4ua_
d3ku0a_
d1vfia1
d1yi0a3
d1y9dc1
d2bsna_
d3eeqb1
d1nt2b_
d3icxa_
d1vbkb2
d2c5sa2
d1xoub_
d1c0wa2
d4m3ea2
d1zkga2
d4l6sb2
d4hhzd2
d2lisa_
d1lisa_
d1o6ue2
d4tlga3
d1ktvb3
d1mx0b2
d1h99a2
d1tlva2
d3mmab2
d3vkpa4
d2gtha2
d2rhba2
d1h3bb2
d2goxa1
d1dnpa1
d4i6ga2
d2bxpa1
d2bxda2
d1kjna_
d1kjnb_
d2i52c2
d2ogfb1
d1kkmc_
d1ytma2
d1gxja_
d1gxkb_
d2uvwa1
d2xcpb2
d3gbud1
d1u7za_
d2gkja2
d1u1xb1
d2fi0a1
d7r1ra1
d1peqa1
d1at3a_
d1njtd_
d1re3e1
d1fzaf1
d1ofcx3
d2noga1
d1rzry_
d1pcha_
d1kfxl2
d1qxpa3
d2x0nr2
d2gvia1
d1nr3a_
d2clyb1
d2clye_
d2pifa1
d2pifb_
d1nlta2
d2q2ga1
d1nxha_
d1nxhb_
d1ku2a2
d2a68p3
d1em8b_
d1em8d_
d1m5yc1
d2mlya3
d1x6ia1
d1x6ja_
d1pp9r1
d3gcea_
d1u6ig_
d1u6jc_
d2c3mb4
d2c3ob4
d1kpca_
d1z84a1
d3ziae3
d2qe7f3
d1hx1b1
d1uk5a1
d1ux6a2
d7ahlg_
d4p1xc_
d1vr8a1
d2vgbb1
d1a5ua1
d1btya_
d2viqa_
d1tlqa_
d2cqzb_
d3shza_
d5df8a1
d4cjna2
d1zb8a_
d1vlad_
d1su9a_
d2fa4a_
d2peil_
d2pemf1
d2w70a3
d1hhna1
d4anva2
d3dsna2
d1mbua_
d1mbva_
d2hybc_
d1bvp42
d1flca1
d2ylkb_
d1qunp1
d1a2pb_
d1bscb_
d1na6b1
d1yela1
d2ou3a1
d2ou3b_
d1jjeb_
d4fr7a_
d1olpc1
d1ah7a_
d1nl3a1
d1nl3b1
d2ci7a_
d3i2eb_
d1jeya1
d1jeqa3
d4cwda1
d4c8re1
d1l8wc_
d1l8wd_
d4wd4d_
d1rtwa_
d1yfrb1
d3htza2
d2q4qa2
d2ab1a1
d1eyfa_
d1adna_
d1kcad_
d1b12d_
d1nmoa_
d3wsge_
d1ebdb3
d1joaa3
d2ixna1
d2ixnb_
d1o92a1
d3imld2
d2evda_
d1wbea_
d2p3pa1
d2p3pb_
d1lg7a_
d2w2ra_
d1sse.1
d2ex3f1
d2ex3h1
d1kf6p_
d2wqyd_
d1kj8b2
d2r85a1
d3c3dc1
d3cgwa_
d1o8ra_
d4lcpa_
d4j4jb1
d2k2ca1
d2qp1j1
d2gyah1
d2hfqa1
d1vqor1
d3ccmr1
d1oi8a1
d1ho5b1
d1vphc1
d1vphe1
d3eeqa2
d3eeqb2
d2qexc1
d1m7ra1
d2gs0a_
d3kzfb_
d2j4la_
d1xdyi_
d2a99a2
d2euca1
d2eucb_
d1xd4a1
d1xd4b1
d1exka_
d1mr1a_
d1j4qa_
d2nl9a_
d3wixc_
d1iqpe1
d3bgea1
d3wnta_
d2e7sg_
d2o35a1
d3fyba1
d3zk7a_
d4filc_
d4jj7a_
d3k7ed_
d3m7va2
d4n7ta2
d2dc4b_
d3n0yb_
d2dhha1
d1oy6a7
d4ktga1
d4kq0a1
d5cmsk_
d2acfb2
d2aefb2
d4ei2j2
d3hu3b2
d1s0pa_
d1tjfb_
d1qzua_
d3qjgh_
d1kssa3
d2wu2i2
d1wpbd_
d1wpbl_
d1saua_
d2xsjf_
d3qvga1
d2ingx2
d2f9ha1
d2f9hb_
d2lxsa_
d1sb0a_
d3x0eb_
d4btna_
d1w5ee2
d2pmpa_
d1cbya_
d1vgfa_
d3bb2a1
d3ud9c_
d1kpta_
d1kvd.2
d1sf8a1
d1sf8e1
d2a8ea1
d1yb3a1
d1bd9b_
d1wkpc_
d3iame_
d3i9v5_
d1exeb_
d1pm4b_
d1poqa_
d1bm8a_
d1l3ga_
d3kmpb_
d3qsvd_
d2ox7b2
d2p84a1
d1ktua1
d2o3bb2
d2auwa2
d2auwb2
d1vfgb1
d1miwa1
d1xkob1
d2f9za_
d3laea1
d3dedd_
d1u2ve_
d3rsee_
d1oxya1
d1nola1
d1hqia_
d3q14e_
d1rkea2
d2cnwc1
d2qcza2
d1n6za_
d2bxxb_
d2c86b_
d3fn1a_
d1zfnc_
d4qhda_
d3g4ta_
d1i9sa_
d2i5xa_
d1bkci_
d2vura1
d2hn2b1
d4i0ub1
d3ac0c3
d3texa2
d2ftkc_
d1f51d_
d2zjps1
d3d5dz1
d1r53a_
d1r52b_
d2ghve_
d2ghwa_
d3i95a_
d2g18b1
d2fsua1
d2h1qb2
d1vyya_
d2vucb_
d2bw3a1
d2bw3b1
d1hn6a_
d2bjqa1
d2bjra1
d1jnpa_
d1jnpb_
d1vk5a_
d2q3ta_
d3hoea1
d3pqsa4
d1zpsa1
d1zpsb_
d1jb0l_
d3w69a_
d3vzvb_
d2iaya1
d1s0wd_
d3e2kc_
d1wzua1
d2nn6e2
d1oysa2
d1vr0a1
d1vr0b_
d2bu1c_
d2b2ec_
d2o8sa1
d2o8sb1
d2xhdb_
d4nf0a_
d4og6a1
d5dd9a1
d5d66a2
d3hraa1
d3e08c_
d2nw7a_
d1keee2
d1c3oe2
d1b10a_
d3hera_
d2ec5a2
d2ec5b2
d1hw1a2
d1hw1b2
d3hola4
d4o3za3
d4h4lj_
d1wrqb_
d1tzdb_
d3u54a_
d1us7b_
d1izma_
d1kncb_
d2af7b_
d1aaba_
d1cg7a_
d3ztsl_
d1r3nh2
d1qysa_
d2jvfa1
d2ou6a1
d2oqmc2
d1sfpa_
d4lora3
d2ii8c_
d2ii8g_
d2g5ib2
d3l2fh2
d4uade_
d3laib_
d2pwna_
d1miua2
d1gd8e_
d1gd8i_
d1odha_
d2f9fa1
d2bfwa1
d1oh8a1
d1ewqb1
d1v9dc_
d1v9dd_
d2bsda3
d2bsdc3
d1rw0a_
d1xafb_
d3bp8c_
d3eh8a1
d3awwb_
d3ax0b_
d1x3aa1
d1hk0x1
d3so0c_
d2joea1
d4omja2
d3w67b2
d3oe2a_
d1ogbb3
d4h3ca_
d1v7ub_
d2r31a2
d2p4xa1
d1csma_
d4csma_
d1wtdb_
d4e5gc_
d2fdoa1
d2fdob2
d1elib1
d1feca2
d2ydda_
d4wexa_
d1g7sa3
d1g7ra3
d3boea_
d3boja2
d1abwa1
d1j7sa_
d1hi9c_
d1hi9d_
d2g9hd1
d1eyga_
d2p0ta1
d1aonj2
d1q5xa_
d1uhma_
d1kywf1
d2knha1
d2p6va1
d2bgxa3
d4q8sb_
d1pvfa_
d5bs6a1
d2g5hc_
d2z1ea2
d3vyuc2
d1v0ed2
d3gvla2
d2haja_
d4im9c1
d1chda_
d1a2oa2
d4nrnb_
d3oeig_
d1n16b3
d3l2fg1
d2hg4d6
d2hg4f6
d2yvxc3
d2yvxd3
d2c1ia2
d2c1ga2
d1vcca_
d1njha1
d4qgwa_
d1xcab_
d1ky6a2
d2iv9a2
d1xilb2
d3lsud2
d1x9na1
d1fsza1
d4u39d1
d1st4b2
d1xmmb2
d2hh8a1
d1kvna_
d4xcoa_
d1eyqa_
d1jx1f_
d2idba2
d2idbc2
d3bu8b_
d3buaa_
d1rmja1
d2h7ta1
d1r2ka_
d1wu2a3
d2vvrb_
d4lfnd_
d1jyvd4
d1jz0d4
d1fjra_
d2pzxa1
d5aija2
d4av7f2
d2gdwa2
d2jo0a1
